[20:41:07] [ServerMain/INFO]: Environment: Environment[sessionHost=https://sessionserver.mojang.com, servicesHost=https://api.minecraftservices.com, name=PROD]
[20:41:08] [ServerMain/INFO]: Loaded 1290 recipes
[20:41:09] [ServerMain/INFO]: Loaded 1399 advancements
[20:41:09] [Server thread/INFO]: Starting minecraft server version 1.21
[20:41:09] [Server thread/INFO]: Loading properties
[20:41:09] [Server thread/INFO]: Default game type: SURVIVAL
[20:41:09] [Server thread/INFO]: Generating keypair
[20:41:09] [Server thread/INFO]: Starting Minecraft server on *:25565
[20:41:09] [Server thread/INFO]: Using default channel type
[20:41:09] [Server thread/WARN]: **** SERVER IS RUNNING IN OFFLINE/INSECURE MODE!
[20:41:09] [Server thread/WARN]: The server will make no attempt to authenticate usernames. Beware.
[20:41:09] [Server thread/WARN]: While this makes the game possible to play without internet access, it also opens up the ability for hackers to connect with any username they choose.
[20:41:09] [Server thread/WARN]: To change this, set "online-mode" to "true" in the server.properties file.
[20:41:09] [Server thread/INFO]: Preparing level "world"
[20:41:10] [Server thread/INFO]: Preparing start region for dimension minecraft:overworld
[20:41:10] [Worker-Main-1/INFO]: Preparing spawn area: 0%
[20:41:10] [Server thread/INFO]: Time elapsed: 326 ms
[20:41:10] [Server thread/INFO]: Done (1.165s)! For help, type "help"
[20:41:12] [Server thread/INFO]: yChazzy[/25.5.23.35:62912] logged in with entity id 8 at (-431.5328988567809, 63.0, -3931.300000011921)
[20:41:12] [Server thread/INFO]: yChazzy joined the game
[20:41:27] [Server thread/INFO]: Stopping the server
[20:41:27] [Server thread/INFO]: Stopping server
[20:41:27] [Server thread/INFO]: Saving players
[20:41:27] [Server thread/INFO]: yChazzy lost connection: Server closed
[20:41:27] [Server thread/INFO]: yChazzy left the game
[20:41:27] [Server thread/INFO]: Saving worlds
[20:41:27] [Server thread/INFO]: Saving chunks for level 'ServerLevel[world]'/minecraft:overworld
[20:41:28] [Server thread/INFO]: Saving chunks for level 'ServerLevel[world]'/minecraft:the_end
[20:41:28] [Server thread/INFO]: Saving chunks for level 'ServerLevel[world]'/minecraft:the_nether
[20:41:28] [Server thread/INFO]: ThreadedAnvilChunkStorage (world): All chunks are saved
[20:41:28] [Server thread/INFO]: ThreadedAnvilChunkStorage (DIM1): All chunks are saved
[20:41:28] [Server thread/INFO]: ThreadedAnvilChunkStorage (DIM-1): All chunks are saved
[20:41:28] [Server thread/INFO]: ThreadedAnvilChunkStorage: All dimensions are saved
